javascript/Capacitor/android/app/build/intermediates/manifest_merge_blame_file/debug/manifest-merger-blame-debug-report.txt
1<?xml version="1.0" encoding="utf-8"?>
2<manifest xmlns:android="http://schemas.android.com/apk/res/android"
3    package="com.example.app"
4    android:versionCode="1"
5    android:versionName="1.0" >
6
7    <uses-sdk
8        android:minSdkVersion="21"
8-->src\main\AndroidManifest.xml
9        android:targetSdkVersion="30" />
9-->src\main\AndroidManifest.xml
10
11    <!-- Permissions -->
12
13    <uses-permission android:name="android.permission.INTERNET" />
13-->src\main\AndroidManifest.xml:40:5-67
13-->src\main\AndroidManifest.xml:40:22-64
14
15    <application
15-->src\main\AndroidManifest.xml:5:5-36:19
16        android:allowBackup="true"
16-->src\main\AndroidManifest.xml:6:9-35
17        android:appComponentFactory="androidx.core.app.CoreComponentFactory"
17-->[androidx.core:core:1.3.2] AndroidManifest.xml:24:18-86
18        android:debuggable="true"
19        android:icon="@mipmap/ic_launcher"
19-->src\main\AndroidManifest.xml:7:9-43
20        android:label="@string/app_name"
20-->src\main\AndroidManifest.xml:8:9-41
21        android:roundIcon="@mipmap/ic_launcher_round"
21-->src\main\AndroidManifest.xml:9:9-54
22        android:supportsRtl="true"
22-->src\main\AndroidManifest.xml:10:9-35
23        android:testOnly="true"
24        android:theme="@style/AppTheme" >
24-->src\main\AndroidManifest.xml:11:9-40
25        <activity
25-->src\main\AndroidManifest.xml:13:9-25:20
26            android:name="com.example.app.MainActivity"
26-->src\main\AndroidManifest.xml:15:13-56
27            android:configChanges="orientation|keyboardHidden|keyboard|screenSize|locale|smallestScreenSize|screenLayout|uiMode"
27-->src\main\AndroidManifest.xml:14:13-129
28            android:label="@string/title_activity_main"
28-->src\main\AndroidManifest.xml:16:13-56
29            android:launchMode="singleTask"
29-->src\main\AndroidManifest.xml:18:13-44
30            android:theme="@style/AppTheme.NoActionBarLaunch" >
30-->src\main\AndroidManifest.xml:17:13-62
31            <intent-filter>
31-->src\main\AndroidManifest.xml:20:13-23:29
32                <action android:name="android.intent.action.MAIN" />
32-->src\main\AndroidManifest.xml:21:17-69
32-->src\main\AndroidManifest.xml:21:25-66
33
34                <category android:name="android.intent.category.LAUNCHER" />
34-->src\main\AndroidManifest.xml:22:17-77
34-->src\main\AndroidManifest.xml:22:27-74
35            </intent-filter>
36        </activity>
37
38        <provider
39            android:name="androidx.core.content.FileProvider"
39-->src\main\AndroidManifest.xml:28:13-62
40            android:authorities="com.example.app.fileprovider"
40-->src\main\AndroidManifest.xml:29:13-64
41            android:exported="false"
41-->src\main\AndroidManifest.xml:30:13-37
42            android:grantUriPermissions="true" >
42-->src\main\AndroidManifest.xml:31:13-47
43            <meta-data
43-->src\main\AndroidManifest.xml:32:13-34:64
44                android:name="android.support.FILE_PROVIDER_PATHS"
44-->src\main\AndroidManifest.xml:33:17-67
45                android:resource="@xml/file_paths" />
45-->src\main\AndroidManifest.xml:34:17-51
46        </provider>
47    </application>
48
49</manifest>